MP: fakeMP
2028.4973

MP `fakeMP` Error
Data: Small Pacific JFS-Medium Pacific JFS-Large Pacific JFS
Simulation: 1
Year: 2028.4973
Error: Error in MPfunction(Data = Data) : object 'outfile' not found

MP: fakeMP
2028.4973

MP `fakeMP` Error
Data: Small Pacific JFS-Medium Pacific JFS-Large Pacific JFS
Simulation: 2
Year: 2028.4973
Error: Error in MPfunction(Data = Data) : object 'outfile' not found

MP: fakeMP
2028.4973

MP `fakeMP` Error
Data: Small Pacific JFS-Medium Pacific JFS-Large Pacific JFS
Simulation: 3
Year: 2028.4973
Error: Error in MPfunction(Data = Data) : object 'outfile' not found

MP: fakeMP
2028.4973

MP `fakeMP` Error
Data: Small Pacific JFS-Medium Pacific JFS-Large Pacific JFS
Simulation: 4
Year: 2028.4973
Error: Error in MPfunction(Data = Data) : object 'outfile' not found

MP: fakeMP
2028.4973

MP `fakeMP` Error
Data: Small Pacific JFS-Medium Pacific JFS-Large Pacific JFS
Simulation: 5
Year: 2028.4973
Error: Error in MPfunction(Data = Data) : object 'outfile' not found

MP: fakeMP
2028.4973

MP `fakeMP` Error
Data: Small Pacific JFS-Medium Pacific JFS-Large Pacific JFS
Simulation: 6
Year: 2028.4973
Error: Error in MPfunction(Data = Data) : object 'outfile' not found

MP: fakeMP
2028.4973

MP `fakeMP` Error
Data: Small Pacific JFS-Medium Pacific JFS-Large Pacific JFS
Simulation: 7
Year: 2028.4973
Error: Error in MPfunction(Data = Data) : object 'outfile' not found

MP: fakeMP
2028.4973

MP `fakeMP` Error
Data: Small Pacific JFS-Medium Pacific JFS-Large Pacific JFS
Simulation: 8
Year: 2028.4973
Error: Error in MPfunction(Data = Data) : object 'outfile' not found

MP: fakeMP
2028.4973

MP `fakeMP` Error
Data: Small Pacific JFS-Medium Pacific JFS-Large Pacific JFS
Simulation: 9
Year: 2028.4973
Error: Error in MPfunction(Data = Data) : object 'outfile' not found

MP: fakeMP
2028.4973

MP `fakeMP` Error
Data: Small Pacific JFS-Medium Pacific JFS-Large Pacific JFS
Simulation: 10
Year: 2028.4973
Error: Error in MPfunction(Data = Data) : object 'outfile' not found

MP: fakeMP
2028.4973

MP `fakeMP` Error
Data: Small Pacific JFS-Medium Pacific JFS-Large Pacific JFS
Simulation: 11
Year: 2028.4973
Error: Error in MPfunction(Data = Data) : object 'outfile' not found

MP: fakeMP
2028.4973

MP `fakeMP` Error
Data: Small Pacific JFS-Medium Pacific JFS-Large Pacific JFS
Simulation: 12
Year: 2028.4973
Error: Error in MPfunction(Data = Data) : object 'outfile' not found

MP: fakeMP
2028.4973

MP `fakeMP` Error
Data: Small Pacific JFS-Medium Pacific JFS-Large Pacific JFS
Simulation: 13
Year: 2028.4973
Error: Error in MPfunction(Data = Data) : object 'outfile' not found

MP: fakeMP
2028.4973

MP `fakeMP` Error
Data: Small Pacific JFS-Medium Pacific JFS-Large Pacific JFS
Simulation: 14
Year: 2028.4973
Error: Error in MPfunction(Data = Data) : object 'outfile' not found

MP: fakeMP
2028.4973

MP `fakeMP` Error
Data: Small Pacific JFS-Medium Pacific JFS-Large Pacific JFS
Simulation: 15
Year: 2028.4973
Error: Error in MPfunction(Data = Data) : object 'outfile' not found

MP: fakeMP
2028.4973

MP `fakeMP` Error
Data: Small Pacific JFS-Medium Pacific JFS-Large Pacific JFS
Simulation: 16
Year: 2028.4973
Error: Error in MPfunction(Data = Data) : object 'outfile' not found

MP: fakeMP
2028.4973

MP `fakeMP` Error
Data: Small Pacific JFS-Medium Pacific JFS-Large Pacific JFS
Simulation: 17
Year: 2028.4973
Error: Error in MPfunction(Data = Data) : object 'outfile' not found

MP: fakeMP
2028.4973

MP `fakeMP` Error
Data: Small Pacific JFS-Medium Pacific JFS-Large Pacific JFS
Simulation: 18
Year: 2028.4973
Error: Error in MPfunction(Data = Data) : object 'outfile' not found

MP: fakeMP
2028.4973

MP `fakeMP` Error
Data: Small Pacific JFS-Medium Pacific JFS-Large Pacific JFS
Simulation: 19
Year: 2028.4973
Error: Error in MPfunction(Data = Data) : object 'outfile' not found

MP: fakeMP
2028.4973

MP `fakeMP` Error
Data: Small Pacific JFS-Medium Pacific JFS-Large Pacific JFS
Simulation: 20
Year: 2028.4973
Error: Error in MPfunction(Data = Data) : object 'outfile' not found

MP: fakeMP
2028.4973

MP `fakeMP` Error
Data: Small Pacific JFS-Medium Pacific JFS-Large Pacific JFS
Simulation: 21
Year: 2028.4973
Error: Error in MPfunction(Data = Data) : object 'outfile' not found

MP: fakeMP
2028.4973

MP `fakeMP` Error
Data: Small Pacific JFS-Medium Pacific JFS-Large Pacific JFS
Simulation: 22
Year: 2028.4973
Error: Error in MPfunction(Data = Data) : object 'outfile' not found

MP: fakeMP
2028.4973

MP `fakeMP` Error
Data: Small Pacific JFS-Medium Pacific JFS-Large Pacific JFS
Simulation: 23
Year: 2028.4973
Error: Error in MPfunction(Data = Data) : object 'outfile' not found

MP: fakeMP
2028.4973

MP `fakeMP` Error
Data: Small Pacific JFS-Medium Pacific JFS-Large Pacific JFS
Simulation: 24
Year: 2028.4973
Error: Error in MPfunction(Data = Data) : object 'outfile' not found

