MP: GIR2
2027

MP `GIR2` Error
Data: An RCM OM w data
Simulation: 1
Year: 2027
Error: Error in MPfunction(Data = Data) : object 'onlyHCR' not found

MP: GIR2
2027

MP `GIR2` Error
Data: An RCM OM w data
Simulation: 2
Year: 2027
Error: Error in MPfunction(Data = Data) : object 'onlyHCR' not found

MP: GIR2
2027

MP `GIR2` Error
Data: An RCM OM w data
Simulation: 3
Year: 2027
Error: Error in MPfunction(Data = Data) : object 'onlyHCR' not found

MP: GIR2
2027

MP `GIR2` Error
Data: An RCM OM w data
Simulation: 4
Year: 2027
Error: Error in MPfunction(Data = Data) : object 'onlyHCR' not found

MP: GIR2
2027

MP `GIR2` Error
Data: An RCM OM w data
Simulation: 5
Year: 2027
Error: Error in MPfunction(Data = Data) : object 'onlyHCR' not found

MP: GIR2
2027

MP `GIR2` Error
Data: An RCM OM w data
Simulation: 6
Year: 2027
Error: Error in MPfunction(Data = Data) : object 'onlyHCR' not found

MP: GIR2
2027

MP `GIR2` Error
Data: An RCM OM w data
Simulation: 7
Year: 2027
Error: Error in MPfunction(Data = Data) : object 'onlyHCR' not found

MP: GIR2
2027

MP `GIR2` Error
Data: An RCM OM w data
Simulation: 8
Year: 2027
Error: Error in MPfunction(Data = Data) : object 'onlyHCR' not found

MP: GIR2
2027

MP `GIR2` Error
Data: An RCM OM w data
Simulation: 9
Year: 2027
Error: Error in MPfunction(Data = Data) : object 'onlyHCR' not found

MP: GIR2
2027

MP `GIR2` Error
Data: An RCM OM w data
Simulation: 10
Year: 2027
Error: Error in MPfunction(Data = Data) : object 'onlyHCR' not found

