MP: repGIR
2028.2486

MP `repGIR` Error
Data: Fit to sim data in lieu of real data
Simulation: 1
Year: 2028.2486
Error: Error in MPfunction(Data = Data) : 
  Debug data file written to C:/GitHub/slMSE/data/Example_Data.rda

MP: repGIR
2028.2486

MP `repGIR` Error
Data: Fit to sim data in lieu of real data
Simulation: 2
Year: 2028.2486
Error: Error in MPfunction(Data = Data) : 
  Debug data file written to C:/GitHub/slMSE/data/Example_Data.rda

MP: repGIR
2028.2486

MP `repGIR` Error
Data: Fit to sim data in lieu of real data
Simulation: 3
Year: 2028.2486
Error: Error in MPfunction(Data = Data) : 
  Debug data file written to C:/GitHub/slMSE/data/Example_Data.rda

MP: repGIR
2028.2486

MP `repGIR` Error
Data: Fit to sim data in lieu of real data
Simulation: 4
Year: 2028.2486
Error: Error in MPfunction(Data = Data) : 
  Debug data file written to C:/GitHub/slMSE/data/Example_Data.rda

MP: repGIR
2028.2486

MP `repGIR` Error
Data: Fit to sim data in lieu of real data
Simulation: 5
Year: 2028.2486
Error: Error in MPfunction(Data = Data) : 
  Debug data file written to C:/GitHub/slMSE/data/Example_Data.rda

MP: repGIR
2028.2486

MP `repGIR` Error
Data: Fit to sim data in lieu of real data
Simulation: 6
Year: 2028.2486
Error: Error in MPfunction(Data = Data) : 
  Debug data file written to C:/GitHub/slMSE/data/Example_Data.rda

MP: repGIR
2028.2486

MP `repGIR` Error
Data: Fit to sim data in lieu of real data
Simulation: 7
Year: 2028.2486
Error: Error in MPfunction(Data = Data) : 
  Debug data file written to C:/GitHub/slMSE/data/Example_Data.rda

MP: repGIR
2028.2486

MP `repGIR` Error
Data: Fit to sim data in lieu of real data
Simulation: 8
Year: 2028.2486
Error: Error in MPfunction(Data = Data) : 
  Debug data file written to C:/GitHub/slMSE/data/Example_Data.rda

MP: repGIR
2028.2486

MP `repGIR` Error
Data: Fit to sim data in lieu of real data
Simulation: 9
Year: 2028.2486
Error: Error in MPfunction(Data = Data) : 
  Debug data file written to C:/GitHub/slMSE/data/Example_Data.rda

MP: repGIR
2028.2486

MP `repGIR` Error
Data: Fit to sim data in lieu of real data
Simulation: 10
Year: 2028.2486
Error: Error in MPfunction(Data = Data) : 
  Debug data file written to C:/GitHub/slMSE/data/Example_Data.rda

MP: repGIR
2028.2486

MP `repGIR` Error
Data: Fit to sim data in lieu of real data
Simulation: 11
Year: 2028.2486
Error: Error in MPfunction(Data = Data) : 
  Debug data file written to C:/GitHub/slMSE/data/Example_Data.rda

MP: repGIR
2028.2486

MP `repGIR` Error
Data: Fit to sim data in lieu of real data
Simulation: 12
Year: 2028.2486
Error: Error in MPfunction(Data = Data) : 
  Debug data file written to C:/GitHub/slMSE/data/Example_Data.rda

MP: repGIR
2028.2486

MP `repGIR` Error
Data: Fit to sim data in lieu of real data
Simulation: 13
Year: 2028.2486
Error: Error in MPfunction(Data = Data) : 
  Debug data file written to C:/GitHub/slMSE/data/Example_Data.rda

MP: repGIR
2028.2486

MP `repGIR` Error
Data: Fit to sim data in lieu of real data
Simulation: 14
Year: 2028.2486
Error: Error in MPfunction(Data = Data) : 
  Debug data file written to C:/GitHub/slMSE/data/Example_Data.rda

MP: repGIR
2028.2486

MP `repGIR` Error
Data: Fit to sim data in lieu of real data
Simulation: 15
Year: 2028.2486
Error: Error in MPfunction(Data = Data) : 
  Debug data file written to C:/GitHub/slMSE/data/Example_Data.rda

MP: repGIR
2028.2486

MP `repGIR` Error
Data: Fit to sim data in lieu of real data
Simulation: 16
Year: 2028.2486
Error: Error in MPfunction(Data = Data) : 
  Debug data file written to C:/GitHub/slMSE/data/Example_Data.rda

